2016.08.02 16:01:19 org.jivesoftware.openfire.roster.RosterManager - Error loading roster provider: org.jivesoftware.openfire.roster.ThinkiveRosterItemProvider
java.lang.ClassNotFoundException: org.jivesoftware.openfire.roster.ThinkiveRosterItemProvider
	at java.net.URLClassLoader$1.run(URLClassLoader.java:366)
	at java.net.URLClassLoader$1.run(URLClassLoader.java:355)
	at java.security.AccessController.doPrivileged(Native Method)
	at java.net.URLClassLoader.findClass(URLClassLoader.java:354)
	at java.lang.ClassLoader.loadClass(ClassLoader.java:425)
	at sun.misc.Launcher$AppClassLoader.loadClass(Launcher.java:308)
	at java.lang.ClassLoader.loadClass(ClassLoader.java:358)
	at org.jivesoftware.util.ClassUtils.loadClass(ClassUtils.java:76)
	at org.jivesoftware.util.ClassUtils.forName(ClassUtils.java:48)
	at org.jivesoftware.openfire.roster.RosterManager.initProvider(RosterManager.java:971)
	at org.jivesoftware.openfire.roster.RosterManager.<init>(RosterManager.java:84)
	at sun.reflect.NativeConstructorAccessorImpl.newInstance0(Native Method)
	at sun.reflect.NativeConstructorAccessorImpl.newInstance(NativeConstructorAccessorImpl.java:57)
	at sun.reflect.DelegatingConstructorAccessorImpl.newInstance(DelegatingConstructorAccessorImpl.java:45)
	at java.lang.reflect.Constructor.newInstance(Constructor.java:526)
	at java.lang.Class.newInstance(Class.java:374)
	at org.jivesoftware.openfire.XMPPServer.loadModule(XMPPServer.java:605)
	at org.jivesoftware.openfire.XMPPServer.loadModules(XMPPServer.java:539)
	at org.jivesoftware.openfire.XMPPServer.access$4(XMPPServer.java:535)
	at org.jivesoftware.openfire.XMPPServer$1.run(XMPPServer.java:468)
